2017-04-24 4:39:04 - error - error
2017-04-24 4:40:16 - error - error
2017-04-24 4:51:08 - error - error
2017-04-24 4:52:17 - error - error
2017-04-24 4:59:59 - error - error
2017-04-24 5:00:47 - error - error
2017-04-24 5:03:43 - error - error
2017-04-24 5:09:11 - error - error
2017-04-24 5:12:37 - error - error
2017-04-24 5:12:39 - error - error
2017-04-24 5:13:22 - error - error
2017-04-24 11:09:30 - error - error
2017-04-24 11:10:37 - error - error
2017-04-24 14:23:26 - error - error
2017-04-24 14:23:45 - error - error
2017-04-24 14:23:47 - error - error
2017-04-24 14:24:52 - error - error
2017-04-24 14:26:16 - error - error
2017-04-24 14:28:18 - error - error
2017-04-24 14:28:20 - error - error
2017-04-24 14:28:37 - error - error
2017-04-24 14:28:39 - error - error
2017-04-24 14:28:55 - error - error
2017-04-24 14:29:39 - error - error
2017-04-24 14:30:25 - error - error
2017-04-24 14:31:21 - error - error
2017-04-24 14:31:37 - error - error
2017-04-24 14:31:41 - error - error
2017-04-24 14:31:42 - error - error
2017-04-24 14:31:50 - error - error
2017-04-24 14:31:59 - error - error
2017-04-24 14:58:21 - error - error information
2017-04-24 14:58:21 - fatal - fatal information
2017-04-24 14:58:21 - warn - warn information
2017-04-24 14:58:21 - info - info information
2017-04-24 14:58:21 - debug - debug information
2017-04-24 14:58:21 - trace - trace information
